# JRE version: OpenJDK Runtime Environment Microsoft-11926163 (17.0.16+8) (build 17.0.16+8-LTS)
# Java VM: OpenJDK 64-Bit Server VM Microsoft-11926163 (17.0.16+8-LTS, mixed mode, sharing, tiered, compressed oops, compressed class ptrs, g1 gc, windows-amd64)
GC Precious Log:
 CPUs: 12 total, 12 available
 Memory: 16083M
 Large Page Support: Disabled
 NUMA Support: Disabled
 Compressed Oops: Enabled (Zero based)
 Heap Region Size: 2M
 Heap Min Capacity: 8M
 Heap Initial Capacity: 252M
 Heap Max Capacity: 4G
 Pre-touch: Disabled
 Parallel Workers: 10
 Concurrent Workers: 3
 Concurrent Refinement Workers: 10
 Periodic GC: Disabled
Heap:
 garbage-first heap   total 258048K, used 65804K [0x0000000700000000, 0x0000000800000000)
  region size 2048K, 28 young (57344K), 3 survivors (6144K)
 Metaspace       used 13793K, committed 14144K, reserved 917504K
  class space    used 1884K, committed 2048K, reserved 851968K
GC Heap History (6 events):
Event: 1.268 GC heap before
{Heap before GC invocations=0 (full 0):
 garbage-first heap   total 258048K, used 22528K [0x0000000700000000, 0x0000000800000000)
  region size 2048K, 11 young (22528K), 0 survivors (0K)
 Metaspace       used 824K, committed 896K, reserved 917504K
  class space    used 61K, committed 128K, reserved 851968K
}
Event: 1.277 GC heap after
{Heap after GC invocations=1 (full 0):
 garbage-first heap   total 258048K, used 1560K [0x0000000700000000, 0x0000000800000000)
  region size 2048K, 1 young (2048K), 1 survivors (2048K)
 Metaspace       used 824K, committed 896K, reserved 917504K
  class space    used 61K, committed 128K, reserved 851968K
}
Event: 5.923 GC heap before
{Heap before GC invocations=1 (full 0):
 garbage-first heap   total 258048K, used 42520K [0x0000000700000000, 0x0000000800000000)
  region size 2048K, 19 young (38912K), 1 survivors (2048K)
 Metaspace       used 4366K, committed 4544K, reserved 917504K
  class space    used 546K, committed 640K, reserved 851968K
}
Event: 5.941 GC heap after
{Heap after GC invocations=2 (full 0):
 garbage-first heap   total 258048K, used 11732K [0x0000000700000000, 0x0000000800000000)
  region size 2048K, 3 young (6144K), 3 survivors (6144K)
 Metaspace       used 4366K, committed 4544K, reserved 917504K
  class space    used 546K, committed 640K, reserved 851968K
}
Event: 10.911 GC heap before
{Heap before GC invocations=2 (full 0):
 garbage-first heap   total 258048K, used 58836K [0x0000000700000000, 0x0000000800000000)
  region size 2048K, 27 young (55296K), 3 survivors (6144K)
 Metaspace       used 4662K, committed 4864K, reserved 917504K
  class space    used 590K, committed 704K, reserved 851968K
}
Event: 10.933 GC heap after
{Heap after GC invocations=3 (full 0):
 garbage-first heap   total 258048K, used 16652K [0x0000000700000000, 0x0000000800000000)
  region size 2048K, 3 young (6144K), 3 survivors (6144K)
 Metaspace       used 4662K, committed 4864K, reserved 917504K
  class space    used 590K, committed 704K, reserved 851968K
}

